Reading the config file dmft_config

general parameters
    afm_order                      False
    beta                           40
    block_threshold                1e-05
    broy_max_it                    -1
    calc_energies                  False
    calc_mu_method                 dichotomy
    csc                            False
    dc                             True
    dc_dmft                        False
    dc_type                        1
    dlr_eps                        None
    dlr_wmax                       None
    enforce_off_diag               True
    eta                            None
    fixed_mu_value                 None
    g0_conv_crit                   -1.0
    g0_mix                         1.0
    g0_mix_type                    linear
    gimp_conv_crit                 -1.0
    gw_embedding                   False
    h_field                        0.0
    h_field_it                     0
    h_int_basis                    triqs
    h_int_type                     kanamori
    h5_save_freq                   1
    J                              0.7
    jobname                        b40-U7.0
    load_sigma                     False
    load_sigma_iter                -1
    magmom                         None
    magnetic                       True
    mu_gap_gb2_threshold           None
    mu_gap_occ_deviation           None
    mu_initial_guess               13.8254
    mu_mix_const                   1.0
    mu_mix_per_occupation_offset   0.0
    mu_update_freq                 1
    n_iter_dmft                    6
    n_iter_dmft_first              10
    n_iter_dmft_per                2
    n_iw                           251
    n_tau                          5001
    n_w                            5001
    noise_level_initial_sigma      0.0
    occ_conv_crit                  -1.0
    path_to_sigma                  None
    prec_mu                        0.0001
    ratio_F4_F2                    None
    sampling_h5_save_freq          5
    sampling_iterations            0
    seedname                       nsp
    set_rot                        None
    sigma_conv_crit                -1.0
    sigma_mix                      1.0
    store_solver                   False
    U                              7.0
    U_crpa_threshold               0.0
    U_prime                        None
    w_range                        [-10, 10]

solver parameters
entry 1
    type                           cthyb
    crm_dyson_solver               False
    delta_interface                True
    diag_delta                     False
    fit_max_moment                 4
    fit_max_n                      None
    fit_max_w                      12
    fit_min_n                      None
    fit_min_w                      6
    idx_impurities                 None
    imag_threshold                 1e-06
    legendre_fit                   False
    length_cycle                   60
    loc_n_max                      None
    loc_n_min                      None
    max_time                       -1
    measure_chi_insertions         100
    measure_chi                    None
    measure_density_matrix         True
    measure_G_l                    False
    measure_pert_order             False
    move_double                    True
    move_shift                     False
    n_cycles_tot                   2000000.0
    n_l                            None
    n_warmup_cycles                10000.0
    off_diag_threshold             0.0
    perform_tail_fit               False
    random_seed                    None


################################################################################
Using input file "nsp.h5" and running in folder "b40-U7.0".
Running solid_dmft on imag-freq grid because "general.beta" specified
INITIAL DMFT RUN
################################################################################ 

Checking parameters that are impurity-dependent
Assuming U = 7.00 for all correlated shells
Assuming J = 0.70 for all correlated shells
Assuming U_prime = None for all correlated shells
Assuming ratio_F4_F2 = None for all correlated shells
Assuming h_int_type = kanamori for all correlated shells
Assuming enforce_off_diag = True for all correlated shells
Assuming dc_type = 1 for all correlated shells
Assuming dc_U = 7.00 for all correlated shells
Assuming dc_J = 0.70 for all correlated shells
Assuming dc_fixed_occ = None for all correlated shells
Assuming map_solver_struct = None for all correlated shells
Assuming pick_solver_struct = None for all correlated shells
Assuming mapped_solver_struct_degeneracies = None for all correlated shells

Solver type per impurity: ['cthyb']

Initial chemical potential set to 13.825 eV


sumk calc_mu: Using dichtomy adjustment to find chemical potential

Dichotomy adjustment of Chemical Potential to obtain Total Density = 21.000000 +/- 0.000100
Warning: Imaginary part in density will be ignored (0.0002357592276286749)
Warning: Imaginary part in density will be ignored (0.00019427851213939224)
    Chemical Potential = 13.325400  
    Total Density = 26.165672
Warning: Imaginary part in density will be ignored (0.00015901550495922367)
    Chemical Potential = 12.825400  
    Total Density = 26.153053
Warning: Imaginary part in density will be ignored (0.00012923331301477648)
    Chemical Potential = 12.325400  
    Total Density = 26.140929
Warning: Imaginary part in density will be ignored (0.00010425123596755713)
    Chemical Potential = 11.825400  
    Total Density = 26.129321
Warning: Imaginary part in density will be ignored (8.344489116291054e-05)
    Chemical Potential = 11.325400  
    Total Density = 26.118248
Warning: Imaginary part in density will be ignored (6.624567950249975e-05)
    Chemical Potential = 10.825400  
    Total Density = 26.107725
Warning: Imaginary part in density will be ignored (5.2139641321177916e-05)
    Chemical Potential = 10.325400  
    Total Density = 26.097761
Warning: Imaginary part in density will be ignored (4.066576090823232e-05)
    Chemical Potential = 9.825400  
    Total Density = 26.088362
Warning: Imaginary part in density will be ignored (3.1413786262012955e-05)
    Chemical Potential = 9.325400  
    Total Density = 26.079531
Warning: Imaginary part in density will be ignored (2.4021636276376855e-05)
    Chemical Potential = 8.825400  
    Total Density = 26.071267
Warning: Imaginary part in density will be ignored (1.8172471797452345e-05)
    Chemical Potential = 8.325400  
    Total Density = 26.063566
Warning: Imaginary part in density will be ignored (1.35915085684263e-05)
    Chemical Potential = 7.825400  
    Total Density = 26.056420
Warning: Imaginary part in density will be ignored (1.0042650155414618e-05)
    Chemical Potential = 7.325400  
    Total Density = 26.049819
Warning: Imaginary part in density will be ignored (7.325016537901151e-06)
    Chemical Potential = 6.825400  
    Total Density = 26.043749
Warning: Imaginary part in density will be ignored (5.269440384488209e-06)
    Chemical Potential = 6.325400  
    Total Density = 26.038196
Warning: Imaginary part in density will be ignored (3.734997307585589e-06)
    Chemical Potential = 5.825400  
    Total Density = 26.033143
Warning: Imaginary part in density will be ignored (2.6056295405847336e-06)
    Chemical Potential = 5.325400  
    Total Density = 26.028568
Warning: Imaginary part in density will be ignored (1.7869145489036118e-06)
    Chemical Potential = 4.825400  
    Total Density = 26.021844
Warning: Imaginary part in density will be ignored (1.2030213731468326e-06)
    Chemical Potential = 4.325400  
    Total Density = 25.839273
Warning: Imaginary part in density will be ignored (7.938882723351935e-07)
    Chemical Potential = 3.825400  
    Total Density = 25.673908
Warning: Imaginary part in density will be ignored (5.126460898411581e-07)
    Chemical Potential = 3.325400  
    Total Density = 25.268634
Warning: Imaginary part in density will be ignored (3.2330261782565945e-07)
    Chemical Potential = 2.825400  
    Total Density = 24.343695
Warning: Imaginary part in density will be ignored (1.9869460425568472e-07)
    Chemical Potential = 2.325400  
    Total Density = 23.810919
Warning: Imaginary part in density will be ignored (1.18706206668593e-07)
    Chemical Potential = 1.825400  
    Total Density = 23.218132
Warning: Imaginary part in density will be ignored (6.874562159583868e-08)
    Chemical Potential = 1.325400  
    Total Density = 22.560459
Warning: Imaginary part in density will be ignored (3.846555840498732e-08)
    Chemical Potential = 0.825400  
    Total Density = 21.927361
Warning: Imaginary part in density will be ignored (2.0708338483203872e-08)
    Chemical Potential = 0.325400  
    Total Density = 21.308759
Warning: Imaginary part in density will be ignored (1.0652507743783945e-08)
    Chemical Potential = -0.174600  
    Total Density = 20.576408
    -0.174600 < Chemical Potential < 13.825400
    20.576408 < Total Density < 26.178759
Warning: Imaginary part in density will be ignored (4.1249643023627154e-08)
    -0.174600 < Chemical Potential < 0.883936
    20.576408 < Total Density < 21.995073
Warning: Imaginary part in density will be ignored (1.6311138615770477e-08)
    -0.174600 < Chemical Potential < 0.141463
    20.576408 < Total Density < 21.051474
Warning: Imaginary part in density will be ignored (1.559105666496935e-08)
    -0.174600 < Chemical Potential < 0.107217
    20.576408 < Total Density < 21.003939
Warning: Imaginary part in density will be ignored (1.5537633299856375e-08)
    -0.174600 < Chemical Potential < 0.104621
    20.576408 < Total Density < 21.000132
Warning: Imaginary part in density will be ignored (1.5535845125410505e-08)
    -0.174600 < Chemical Potential < 0.104534
    20.576408 < Total Density < 21.000004
    Chemical Potential found in 33 iterations : 
    Total Density = 21.000004;Chemical Potential = 0.104534
Total density for imp 0 from DFT:   3.104689

 *** Determination of block structure ***
using 1-particle density matrix and Hloc (atomic levels) to determine the block structure
Magnetic calculation: removing the spin degeneracy from the block structure

 number of ineq. correlated shells: 1

 block structure summary
 -- Shell type #  0: [0]
  | shell multiplicity 1
  | block struct. sum_k : [('up', 2), ('down', 2)]
  | block struct. solver: {'up_0': 2, 'down_0': 2}
  | deg. orbitals : []

Rotation matrices
rot_mat[ 0]     real part         imaginary part  
            -0.00035 -1.00000    0.00000  0.00000
             0.99989 -0.00035    0.01470 -0.00001



Effective atomic levels
H_loc[ 0]           up                down       
            -1.55477 -0.00000   -1.55477 -0.00000
            -0.00000 -1.35991   -0.00000 -1.35991



DFT density matrix
rho[ 0]             up                down       
             0.91836 -0.00006    0.91836 -0.00006
            -0.00006  0.63399   -0.00006  0.63399


*** interaction parameters ***

Constructing the interaction Hamiltonians

Impurity 0: constructing a kanamori type interaction Hamiltonian
U = 7.00, U' = 5.60, J = 0.70


*** DC determination ***

Calculating standard DC for impurity 0 with U=7.0 and J=0.7
Detected use_dc_formula=1, changing to cHeld
DC potential computed using the cHeld method, V_DC = 15.194019 eV
E_DC using the cHeld method, E_DC = 19.058680 eV
Held method for 2 orbitals, computed U_mean=5.833333 eV
DC potential computed using the cHeld method, V_DC = 15.194019 eV
E_DC using the cHeld method, E_DC = 19.058680 eV
Held method for 2 orbitals, computed U_mean=5.833333 eV

sumk calc_mu: Using dichtomy adjustment to find chemical potential

Dichotomy adjustment of Chemical Potential to obtain Total Density = 21.000000 +/- 0.000100
Warning: Imaginary part in density will be ignored (1.5535845125410505e-08)
    0.104534 < Chemical Potential < 0.104534
    21.000004 < Total Density < 21.000004
    Chemical Potential found in 0 iterations : 
    Total Density = 21.000004;Chemical Potential = 0.104534

 6 DMFT cycles requested. Starting with iteration  1.

################################################################################
Running iteration: 1 / 6

 *** Correlated Shell type #  0 : Estimated total charge of impurity problem = 3.104689
Estimated density matrix:
down_0, real part
[[ 0.9183573  -0.00006188]
 [-0.00006188  0.63398718]]
up_0, real part
[[ 0.9183573  -0.00006188]
 [-0.00006188  0.63398718]]

 Using the delta interface for passing Delta(tau) and Hloc0 directly to the solver.

Solving the impurity problem for shell 0 ...

╔╦╗╦═╗╦╔═╗ ╔═╗  ┌─┐┌┬┐┬ ┬┬ ┬┌┐ 
 ║ ╠╦╝║║═╬╗╚═╗  │   │ ├─┤└┬┘├┴┐
 ╩ ╩╚═╩╚═╝╚╚═╝  └─┘ ┴ ┴ ┴ ┴ └─┘

The local Hamiltonian of the problem:
-16.7488*c_dag('down_0',0)*c('down_0',0) + -16.5539*c_dag('down_0',1)*c('down_0',1) + -16.7488*c_dag('up_0',0)*c('up_0',0) + -16.5539*c_dag('up_0',1)*c('up_0',1) + 4.9*c_dag('down_0',0)*c_dag('down_0',1)*c('down_0',1)*c('down_0',0) + 0.7*c_dag('down_0',0)*c_dag('up_0',0)*c('up_0',1)*c('down_0',1) + 7*c_dag('down_0',0)*c_dag('up_0',0)*c('up_0',0)*c('down_0',0) + 5.6*c_dag('down_0',0)*c_dag('up_0',1)*c('up_0',1)*c('down_0',0) + 0.7*c_dag('down_0',0)*c_dag('up_0',1)*c('up_0',0)*c('down_0',1) + 0.7*c_dag('down_0',1)*c_dag('up_0',0)*c('up_0',1)*c('down_0',0) + 5.6*c_dag('down_0',1)*c_dag('up_0',0)*c('up_0',0)*c('down_0',1) + 7*c_dag('down_0',1)*c_dag('up_0',1)*c('up_0',1)*c('down_0',1) + 0.7*c_dag('down_0',1)*c_dag('up_0',1)*c('up_0',0)*c('down_0',0) + 4.9*c_dag('up_0',0)*c_dag('up_0',1)*c('up_0',1)*c('up_0',0)
Using autopartition algorithm to partition the local Hilbert space
Found 14 subspaces.

Warming up ...
12:49:50  12% ETA 00:00:00 cycle 1220 of 10000
12:49:50 100% ETA 00:00:00 cycle 9999 of 10000



Accumulating ...
12:49:51   1% ETA 00:00:07 cycle 1101 of 83333
12:49:53  26% ETA 00:00:05 cycle 22475 of 83333
12:49:56  55% ETA 00:00:03 cycle 46271 of 83333
12:49:59  94% ETA 00:00:00 cycle 79042 of 83333
12:49:59 100% ETA 00:00:00 cycle 83332 of 83333


[Rank 0] Collect results: Waiting for all mpi-threads to finish accumulating...
[Rank 0] Timings for all measures:
Measure                                    | seconds   
Auto-correlation time                      | 0.00957019
Average order                              | 0.00211371
Average sign                               | 0.00149315
Density Matrix for local static observable | 0.0484776 
G_tau measure                              | 0.504307  
Total measure time                         | 0.565962  
[Rank 0] Acceptance rate for all moves:
Move set Insert two operators: 0.00693764
  Move  Insert Delta_down_0: 0.00679664
  Move  Insert Delta_up_0: 0.0070786
Move set Remove two operators: 0.00693254
  Move  Remove Delta_down_0: 0.00681077
  Move  Remove Delta_up_0: 0.00705432
Move set Insert four operators: 0.000110353
  Move  Insert Delta_down_0_down_0: 0.000144701
  Move  Insert Delta_down_0_up_0: 7.56926e-05
  Move  Insert Delta_up_0_down_0: 7.27858e-05
  Move  Insert Delta_up_0_up_0: 0.000148265
Move set Remove four operators: 0.000112654
  Move  Remove Delta_down_0_down_0: 0.000141643
  Move  Remove Delta_down_0_up_0: 7.65531e-05
  Move  Remove Delta_up_0_down_0: 7.36069e-05
  Move  Remove Delta_up_0_up_0: 0.000158812
[Rank 0] Warmup lasted: 0.848324 seconds [00:00:00]
[Rank 0] Simulation lasted: 8.34559 seconds [00:00:08]
[Rank 0] Number of measures: 83333
Total number of measures: 1999992
Average sign: 1
Average order: 63.3689
Auto-correlation time: 561.477
Actual time for solver: 15.42 s

Total charge of impurity problem: 3.12373
Total charge convergency of impurity problem: 0.01904

Density matrix:
down_0, real part
[[ 0.94530272 -0.0000765 ]
 [-0.0000765   0.58798084]]
eigenvalues: [0.58798083 0.94530273]
up_0, real part
[[ 0.95376293 -0.00006316]
 [-0.00006316  0.63668556]]
eigenvalues: [0.63668555 0.95376294]

 *** Post-processing the solver output ***
Total charge of all correlated shells : 3.123732


sumk calc_mu: Using dichtomy adjustment to find chemical potential

Dichotomy adjustment of Chemical Potential to obtain Total Density = 21.000000 +/- 0.000100
Warning: Imaginary part in density will be ignored (1.3893776325742792e-08)
Warning: Imaginary part in density will be ignored (6.67699119359496e-09)
    Chemical Potential = -0.395466  
    Total Density = 20.620877
    -0.395466 < Chemical Potential < 0.104534
    20.620877 < Total Density < 21.048358
Warning: Imaginary part in density will be ignored (1.2837107039981676e-08)
    0.047972 < Chemical Potential < 0.104534
    20.992405 < Total Density < 21.048358
Warning: Imaginary part in density will be ignored (1.2976318432052341e-08)
    0.047972 < Chemical Potential < 0.055650
    20.992405 < Total Density < 21.000001
    Chemical Potential found in 3 iterations : 
    Total Density = 21.000001;Chemical Potential = 0.055650
Mixing dichotomy mu with previous iteration by factor 1.000
New chemical potential: 0.056

 *** calculation of observables ***
*** iteration finished ***
============================================================
summary of impurity observables:
total occupany of impurity 0:  3.1237
G(beta/2) occ of impurity 0:  -0.0633
Z (simple estimate) of impurity 0 per orb:
   up:  0.728  0.305
 down:  0.712  0.331
============================================================


============================================================

 *** summary of magnetic occupations: ***
imp 0 spin up: 1.5904
imp 0 spin down: 1.5333
total spin up   occ: 1.5904
total spin down occ: 1.5333
============================================================

============================================================
convergence:
δμ:      0.0000e+00
Impurity 0:
δn imp : 1.9043e-02
δn orb : 6.2351e-02  4.8705e-02
δ Gimp : 8.6700e-02
δ G0   : 5.8104e-02
δ Σ    : 3.7426e+00
============================================================


################################################################################
Running iteration: 2 / 6

 *** Correlated Shell type #  0 : Estimated total charge of impurity problem = 3.057875
Estimated density matrix:
down_0, real part
[[ 0.94398365 -0.00008635]
 [-0.00008635  0.55559101]]
up_0, real part
[[ 0.95249898 -0.00007342]
 [-0.00007342  0.60580154]]

 Using the delta interface for passing Delta(tau) and Hloc0 directly to the solver.

Solving the impurity problem for shell 0 ...

╔╦╗╦═╗╦╔═╗ ╔═╗  ┌─┐┌┬┐┬ ┬┬ ┬┌┐ 
 ║ ╠╦╝║║═╬╗╚═╗  │   │ ├─┤└┬┘├┴┐
 ╩ ╩╚═╩╚═╝╚╚═╝  └─┘ ┴ ┴ ┴ ┴ └─┘

The local Hamiltonian of the problem:
-16.6999*c_dag('down_0',0)*c('down_0',0) + -16.505*c_dag('down_0',1)*c('down_0',1) + -16.6999*c_dag('up_0',0)*c('up_0',0) + -16.505*c_dag('up_0',1)*c('up_0',1) + 4.9*c_dag('down_0',0)*c_dag('down_0',1)*c('down_0',1)*c('down_0',0) + 0.7*c_dag('down_0',0)*c_dag('up_0',0)*c('up_0',1)*c('down_0',1) + 7*c_dag('down_0',0)*c_dag('up_0',0)*c('up_0',0)*c('down_0',0) + 5.6*c_dag('down_0',0)*c_dag('up_0',1)*c('up_0',1)*c('down_0',0) + 0.7*c_dag('down_0',0)*c_dag('up_0',1)*c('up_0',0)*c('down_0',1) + 0.7*c_dag('down_0',1)*c_dag('up_0',0)*c('up_0',1)*c('down_0',0) + 5.6*c_dag('down_0',1)*c_dag('up_0',0)*c('up_0',0)*c('down_0',1) + 7*c_dag('down_0',1)*c_dag('up_0',1)*c('up_0',1)*c('down_0',1) + 0.7*c_dag('down_0',1)*c_dag('up_0',1)*c('up_0',0)*c('down_0',0) + 4.9*c_dag('up_0',0)*c_dag('up_0',1)*c('up_0',1)*c('up_0',0)
Using autopartition algorithm to partition the local Hilbert space
Found 14 subspaces.

Warming up ...
12:50:27  14% ETA 00:00:00 cycle 1494 of 10000
12:50:28 100% ETA 00:00:00 cycle 9999 of 10000



Accumulating ...
12:50:28   0% ETA 00:00:14 cycle 579 of 83333
12:50:31  14% ETA 00:00:12 cycle 11955 of 83333
12:50:33  34% ETA 00:00:08 cycle 28711 of 83333
12:50:36  56% ETA 00:00:06 cycle 46754 of 83333
12:50:40  84% ETA 00:00:02 cycle 70810 of 83333
12:50:42 100% ETA 00:00:00 cycle 83332 of 83333


[Rank 0] Collect results: Waiting for all mpi-threads to finish accumulating...
[Rank 0] Timings for all measures:
Measure                                    | seconds   
Auto-correlation time                      | 0.0185404 
Average order                              | 0.00395185
Average sign                               | 0.00262111
Density Matrix for local static observable | 0.0941665 
G_tau measure                              | 0.883935  
Total measure time                         | 1.00322   
[Rank 0] Acceptance rate for all moves:
Move set Insert two operators: 0.00692117
  Move  Insert Delta_down_0: 0.00697466
  Move  Insert Delta_up_0: 0.0068677
Move set Remove two operators: 0.00692417
  Move  Remove Delta_down_0: 0.00698169
  Move  Remove Delta_up_0: 0.00686664
Move set Insert four operators: 0.000114052
  Move  Insert Delta_down_0_down_0: 0.000160305
  Move  Insert Delta_down_0_up_0: 7.60923e-05
  Move  Insert Delta_up_0_down_0: 7.63852e-05
  Move  Insert Delta_up_0_up_0: 0.000143465
Move set Remove four operators: 0.000112921
  Move  Remove Delta_down_0_down_0: 0.00015338
  Move  Remove Delta_down_0_up_0: 7.82869e-05
  Move  Remove Delta_up_0_down_0: 7.50739e-05
  Move  Remove Delta_up_0_up_0: 0.000144944
[Rank 0] Warmup lasted: 0.82282 seconds [00:00:00]
[Rank 0] Simulation lasted: 13.7071 seconds [00:00:13]
[Rank 0] Number of measures: 83333
Total number of measures: 1999992
Average sign: 1
Average order: 62.1726
Auto-correlation time: 575.316
Actual time for solver: 15.40 s

Total charge of impurity problem: 3.13277
Total charge convergency of impurity problem: 0.07489

Density matrix:
down_0, real part
[[ 0.95701892 -0.00007576]
 [-0.00007576  0.61986332]]
eigenvalues: [0.6198633  0.95701894]
up_0, real part
[[ 0.96492788 -0.00008759]
 [-0.00008759  0.59095632]]
eigenvalues: [0.5909563 0.9649279]

 *** Post-processing the solver output ***
Total charge of all correlated shells : 3.132766


sumk calc_mu: Using dichtomy adjustment to find chemical potential

Dichotomy adjustment of Chemical Potential to obtain Total Density = 21.000000 +/- 0.000100
Warning: Imaginary part in density will be ignored (1.309053404375764e-08)
Warning: Imaginary part in density will be ignored (6.26376203755078e-09)
    Chemical Potential = -0.444350  
    Total Density = 20.700828
    -0.444350 < Chemical Potential < 0.055650
    20.700828 < Total Density < 21.081494
Warning: Imaginary part in density will be ignored (1.1253427393554348e-08)
    -0.051392 < Chemical Potential < 0.055650
    20.988401 < Total Density < 21.081494
Warning: Imaginary part in density will be ignored (1.1469406601483878e-08)
    -0.038055 < Chemical Potential < 0.055650
    20.999340 < Total Density < 21.081494
Warning: Imaginary part in density will be ignored (1.1481708315246832e-08)
    -0.037302 < Chemical Potential < 0.055650
    20.999964 < Total Density < 21.081494
    Chemical Potential found in 4 iterations : 
    Total Density = 20.999964;Chemical Potential = -0.037302
Mixing dichotomy mu with previous iteration by factor 1.000
New chemical potential: -0.037

 *** calculation of observables ***
*** iteration finished ***
============================================================
summary of impurity observables:
total occupany of impurity 0:  3.1328
G(beta/2) occ of impurity 0:  -0.0490
Z (simple estimate) of impurity 0 per orb:
   up:  0.787  0.296
 down:  0.753  0.275
============================================================


============================================================

 *** summary of magnetic occupations: ***
imp 0 spin up: 1.5559
imp 0 spin down: 1.5769
total spin up   occ: 1.5559
total spin down occ: 1.5769
============================================================

============================================================
convergence:
δμ:      4.8884e-02
Impurity 0:
δn imp : 9.0344e-03
δn orb : 2.2881e-02  7.7612e-02
δ Gimp : 2.3332e-02
δ G0   : 2.9785e-04
δ Σ    : 5.6676e+00
============================================================


################################################################################
Running iteration: 3 / 6

 *** Correlated Shell type #  0 : Estimated total charge of impurity problem = 3.082638
Estimated density matrix:
down_0, real part
[[ 0.95580093 -0.00008295]
 [-0.00008295  0.59490865]]
up_0, real part
[[ 0.96366932 -0.00009382]
 [-0.00009382  0.56825933]]

 Using the delta interface for passing Delta(tau) and Hloc0 directly to the solver.

Solving the impurity problem for shell 0 ...

╔╦╗╦═╗╦╔═╗ ╔═╗  ┌─┐┌┬┐┬ ┬┬ ┬┌┐ 
 ║ ╠╦╝║║═╬╗╚═╗  │   │ ├─┤└┬┘├┴┐
 ╩ ╩╚═╩╚═╝╚╚═╝  └─┘ ┴ ┴ ┴ ┴ └─┘

The local Hamiltonian of the problem:
-16.607*c_dag('down_0',0)*c('down_0',0) + -16.4121*c_dag('down_0',1)*c('down_0',1) + -16.607*c_dag('up_0',0)*c('up_0',0) + -16.4121*c_dag('up_0',1)*c('up_0',1) + 4.9*c_dag('down_0',0)*c_dag('down_0',1)*c('down_0',1)*c('down_0',0) + 0.7*c_dag('down_0',0)*c_dag('up_0',0)*c('up_0',1)*c('down_0',1) + 7*c_dag('down_0',0)*c_dag('up_0',0)*c('up_0',0)*c('down_0',0) + 5.6*c_dag('down_0',0)*c_dag('up_0',1)*c('up_0',1)*c('down_0',0) + 0.7*c_dag('down_0',0)*c_dag('up_0',1)*c('up_0',0)*c('down_0',1) + 0.7*c_dag('down_0',1)*c_dag('up_0',0)*c('up_0',1)*c('down_0',0) + 5.6*c_dag('down_0',1)*c_dag('up_0',0)*c('up_0',0)*c('down_0',1) + 7*c_dag('down_0',1)*c_dag('up_0',1)*c('up_0',1)*c('down_0',1) + 0.7*c_dag('down_0',1)*c_dag('up_0',1)*c('up_0',0)*c('down_0',0) + 4.9*c_dag('up_0',0)*c_dag('up_0',1)*c('up_0',1)*c('up_0',0)
Using autopartition algorithm to partition the local Hilbert space
Found 14 subspaces.

Warming up ...
12:51:09   8% ETA 00:00:01 cycle 817 of 10000
12:51:11 100% ETA 00:00:00 cycle 9999 of 10000



Accumulating ...
12:51:11   0% ETA 00:00:12 cycle 645 of 83333
12:51:13  16% ETA 00:00:10 cycle 13560 of 83333
12:51:15  33% ETA 00:00:09 cycle 27808 of 83333
12:51:18  56% ETA 00:00:05 cycle 47330 of 83333
12:51:22  85% ETA 00:00:02 cycle 71181 of 83333
12:51:24 100% ETA 00:00:00 cycle 83332 of 83333


[Rank 0] Collect results: Waiting for all mpi-threads to finish accumulating...
[Rank 0] Timings for all measures:
Measure                                    | seconds   
Auto-correlation time                      | 0.0183749 
Average order                              | 0.00387835
Average sign                               | 0.0026366 
Density Matrix for local static observable | 0.0939891 
G_tau measure                              | 0.942135  
Total measure time                         | 1.06101   
[Rank 0] Acceptance rate for all moves:
Move set Insert two operators: 0.00690871
  Move  Insert Delta_down_0: 0.00676951
  Move  Insert Delta_up_0: 0.00704787
Move set Remove two operators: 0.00691073
  Move  Remove Delta_down_0: 0.00677776
  Move  Remove Delta_up_0: 0.00704371
Move set Insert four operators: 0.000112086
  Move  Insert Delta_down_0_down_0: 0.000145368
  Move  Insert Delta_down_0_up_0: 7.52926e-05
  Move  Insert Delta_up_0_down_0: 7.38525e-05
  Move  Insert Delta_up_0_up_0: 0.000153865
Move set Remove four operators: 0.000112621
  Move  Remove Delta_down_0_down_0: 0.00014071
  Move  Remove Delta_down_0_up_0: 7.90871e-05
  Move  Remove Delta_up_0_down_0: 7.3607e-05
  Move  Remove Delta_up_0_up_0: 0.000157079
[Rank 0] Warmup lasted: 1.47979 seconds [00:00:01]
[Rank 0] Simulation lasted: 13.7892 seconds [00:00:13]
[Rank 0] Number of measures: 83333
Total number of measures: 1999992
Average sign: 1
Average order: 62.6516
Auto-correlation time: 569.623
Actual time for solver: 15.44 s

Total charge of impurity problem: 3.13294
Total charge convergency of impurity problem: 0.05030

Density matrix:
down_0, real part
[[ 0.95359112 -0.00009039]
 [-0.00009039  0.5777378 ]]
eigenvalues: [0.57773778 0.95359114]
up_0, real part
[[ 0.9770019  -0.00008159]
 [-0.00008159  0.62461119]]
eigenvalues: [0.62461117 0.97700192]

 *** Post-processing the solver output ***
Total charge of all correlated shells : 3.132942


sumk calc_mu: Using dichtomy adjustment to find chemical potential

Dichotomy adjustment of Chemical Potential to obtain Total Density = 21.000000 +/- 0.000100
Warning: Imaginary part in density will be ignored (1.1558192200834774e-08)
Warning: Imaginary part in density will be ignored (5.454831831039869e-09)
    Chemical Potential = -0.537302  
    Total Density = 20.664532
    -0.537302 < Chemical Potential < -0.037302
    20.664532 < Total Density < 21.054007
Warning: Imaginary part in density will be ignored (1.0467912364635365e-08)
    -0.106635 < Chemical Potential < -0.037302
    20.999923 < Total Density < 21.054007
    Chemical Potential found in 2 iterations : 
    Total Density = 20.999923;Chemical Potential = -0.106635
Mixing dichotomy mu with previous iteration by factor 1.000
New chemical potential: -0.107

 *** calculation of observables ***
*** iteration finished ***
============================================================
summary of impurity observables:
total occupany of impurity 0:  3.1329
G(beta/2) occ of impurity 0:  -0.0528
Z (simple estimate) of impurity 0 per orb:
   up:  0.802  0.241
 down:  0.790  0.248
============================================================


============================================================

 *** summary of magnetic occupations: ***
imp 0 spin up: 1.6016
imp 0 spin down: 1.5313
total spin up   occ: 1.6016
total spin down occ: 1.5313
============================================================

============================================================
convergence:
δμ:      9.2952e-02
Impurity 0:
δn imp : 1.7557e-04
δn orb : 1.5502e-02  7.5780e-02
δ Gimp : 1.6060e-02
δ G0   : 3.5242e-04
δ Σ    : 5.9143e+00
============================================================


################################################################################
Running iteration: 4 / 6

 *** Correlated Shell type #  0 : Estimated total charge of impurity problem = 3.102088
Estimated density matrix:
down_0, real part
[[ 0.95279618 -0.0000941 ]
 [-0.0000941   0.56363972]]
up_0, real part
[[ 0.97634005 -0.000086  ]
 [-0.000086    0.60931185]]

 Using the delta interface for passing Delta(tau) and Hloc0 directly to the solver.

Solving the impurity problem for shell 0 ...

╔╦╗╦═╗╦╔═╗ ╔═╗  ┌─┐┌┬┐┬ ┬┬ ┬┌┐ 
 ║ ╠╦╝║║═╬╗╚═╗  │   │ ├─┤└┬┘├┴┐
 ╩ ╩╚═╩╚═╝╚╚═╝  └─┘ ┴ ┴ ┴ ┴ └─┘

The local Hamiltonian of the problem:
-16.5376*c_dag('down_0',0)*c('down_0',0) + -16.3428*c_dag('down_0',1)*c('down_0',1) + -16.5376*c_dag('up_0',0)*c('up_0',0) + -16.3428*c_dag('up_0',1)*c('up_0',1) + 4.9*c_dag('down_0',0)*c_dag('down_0',1)*c('down_0',1)*c('down_0',0) + 0.7*c_dag('down_0',0)*c_dag('up_0',0)*c('up_0',1)*c('down_0',1) + 7*c_dag('down_0',0)*c_dag('up_0',0)*c('up_0',0)*c('down_0',0) + 5.6*c_dag('down_0',0)*c_dag('up_0',1)*c('up_0',1)*c('down_0',0) + 0.7*c_dag('down_0',0)*c_dag('up_0',1)*c('up_0',0)*c('down_0',1) + 0.7*c_dag('down_0',1)*c_dag('up_0',0)*c('up_0',1)*c('down_0',0) + 5.6*c_dag('down_0',1)*c_dag('up_0',0)*c('up_0',0)*c('down_0',1) + 7*c_dag('down_0',1)*c_dag('up_0',1)*c('up_0',1)*c('down_0',1) + 0.7*c_dag('down_0',1)*c_dag('up_0',1)*c('up_0',0)*c('down_0',0) + 4.9*c_dag('up_0',0)*c_dag('up_0',1)*c('up_0',1)*c('up_0',0)
Using autopartition algorithm to partition the local Hilbert space
Found 14 subspaces.

Warming up ...
12:51:42  10% ETA 00:00:00 cycle 1008 of 10000
12:51:43 100% ETA 00:00:00 cycle 9999 of 10000



Accumulating ...
12:51:43   0% ETA 00:00:13 cycle 607 of 83333
12:51:45  13% ETA 00:00:13 cycle 11663 of 83333
12:51:48  32% ETA 00:00:09 cycle 27098 of 83333
12:51:51  54% ETA 00:00:06 cycle 45015 of 83333
12:51:55  82% ETA 00:00:02 cycle 68740 of 83333
12:51:57 100% ETA 00:00:00 cycle 83332 of 83333


[Rank 0] Collect results: Waiting for all mpi-threads to finish accumulating...
[Rank 0] Timings for all measures:
Measure                                    | seconds   
Auto-correlation time                      | 0.0186369 
Average order                              | 0.00404099
Average sign                               | 0.00255627
Density Matrix for local static observable | 0.0929506 
G_tau measure                              | 0.941046  
Total measure time                         | 1.05923   
[Rank 0] Acceptance rate for all moves:
Move set Insert two operators: 0.00680052
  Move  Insert Delta_down_0: 0.00662409
  Move  Insert Delta_up_0: 0.0069769
Move set Remove two operators: 0.00679891
  Move  Remove Delta_down_0: 0.0066319
  Move  Remove Delta_up_0: 0.00696592
Move set Insert four operators: 0.000108186
  Move  Insert Delta_down_0_down_0: 0.000146168
  Move  Insert Delta_down_0_up_0: 7.15614e-05
  Move  Insert Delta_up_0_down_0: 6.43875e-05
  Move  Insert Delta_up_0_up_0: 0.000150665
Move set Remove four operators: 0.000108853
  Move  Remove Delta_down_0_down_0: 0.000134041
  Move  Remove Delta_down_0_up_0: 7.29519e-05
  Move  Remove Delta_up_0_down_0: 7.18733e-05
  Move  Remove Delta_up_0_up_0: 0.000156545
[Rank 0] Warmup lasted: 1.33816 seconds [00:00:01]
[Rank 0] Simulation lasted: 14.073 seconds [00:00:14]
[Rank 0] Number of measures: 83333
Total number of measures: 1999992
Average sign: 1
Average order: 63.8266
Auto-correlation time: 605.001
Actual time for solver: 15.73 s

Total charge of impurity problem: 3.12843
Total charge convergency of impurity problem: 0.02634

Density matrix:
down_0, real part
[[ 0.95836021 -0.00009451]
 [-0.00009451  0.57494981]]
eigenvalues: [0.57494979 0.95836024]
up_0, real part
[[ 0.96356636 -0.00007944]
 [-0.00007944  0.63155552]]
eigenvalues: [0.6315555  0.96356638]

 *** Post-processing the solver output ***
Total charge of all correlated shells : 3.128432


sumk calc_mu: Using dichtomy adjustment to find chemical potential

Dichotomy adjustment of Chemical Potential to obtain Total Density = 21.000000 +/- 0.000100
Warning: Imaginary part in density will be ignored (1.0539388832164181e-08)
Warning: Imaginary part in density will be ignored (4.9146853258986e-09)
    Chemical Potential = -0.606635  
    Total Density = 20.469296
    -0.606635 < Chemical Potential < -0.106635
    20.469296 < Total Density < 21.029114
Warning: Imaginary part in density will be ignored (1.0151868723127091e-08)
    -0.606635 < Chemical Potential < -0.132638
    20.469296 < Total Density < 21.008776
Warning: Imaginary part in density will be ignored (1.0039335603954778e-08)
    -0.606635 < Chemical Potential < -0.140349
    20.469296 < Total Density < 21.002681
Warning: Imaginary part in density will be ignored (1.000534282024154e-08)
    -0.606635 < Chemical Potential < -0.142693
    20.469296 < Total Density < 21.000821
Warning: Imaginary part in density will be ignored (9.9949717800743e-09)
    -0.606635 < Chemical Potential < -0.143409
    20.469296 < Total Density < 21.000251
Warning: Imaginary part in density will be ignored (9.991798322406522e-09)
    -0.606635 < Chemical Potential < -0.143629
    20.469296 < Total Density < 21.000077
    Chemical Potential found in 6 iterations : 
    Total Density = 21.000077;Chemical Potential = -0.143629
Mixing dichotomy mu with previous iteration by factor 1.000
New chemical potential: -0.144

 *** calculation of observables ***
*** iteration finished ***
============================================================
summary of impurity observables:
total occupany of impurity 0:  3.1284
G(beta/2) occ of impurity 0:  -0.0558
Z (simple estimate) of impurity 0 per orb:
   up:  0.787  0.254
 down:  0.788  0.269
============================================================


============================================================

 *** summary of magnetic occupations: ***
imp 0 spin up: 1.5951
imp 0 spin down: 1.5333
total spin up   occ: 1.5951
total spin down occ: 1.5333
============================================================

============================================================
convergence:
δμ:      6.9333e-02
Impurity 0:
δn imp : 4.5101e-03
δn orb : 1.8205e-02  9.7323e-03
δ Gimp : 1.5245e-02
δ G0   : 2.5690e-04
δ Σ    : 5.9377e+00
============================================================


################################################################################
Running iteration: 5 / 6

 *** Correlated Shell type #  0 : Estimated total charge of impurity problem = 3.115919
Estimated density matrix:
down_0, real part
[[ 0.95797482 -0.00009558]
 [-0.00009558  0.57003926]]
up_0, real part
[[ 0.96317591 -0.00008143]
 [-0.00008143  0.62472876]]

 Using the delta interface for passing Delta(tau) and Hloc0 directly to the solver.

Solving the impurity problem for shell 0 ...

╔╦╗╦═╗╦╔═╗ ╔═╗  ┌─┐┌┬┐┬ ┬┬ ┬┌┐ 
 ║ ╠╦╝║║═╬╗╚═╗  │   │ ├─┤└┬┘├┴┐
 ╩ ╩╚═╩╚═╝╚╚═╝  └─┘ ┴ ┴ ┴ ┴ └─┘

The local Hamiltonian of the problem:
-16.5006*c_dag('down_0',0)*c('down_0',0) + -16.3058*c_dag('down_0',1)*c('down_0',1) + -16.5006*c_dag('up_0',0)*c('up_0',0) + -16.3058*c_dag('up_0',1)*c('up_0',1) + 4.9*c_dag('down_0',0)*c_dag('down_0',1)*c('down_0',1)*c('down_0',0) + 0.7*c_dag('down_0',0)*c_dag('up_0',0)*c('up_0',1)*c('down_0',1) + 7*c_dag('down_0',0)*c_dag('up_0',0)*c('up_0',0)*c('down_0',0) + 5.6*c_dag('down_0',0)*c_dag('up_0',1)*c('up_0',1)*c('down_0',0) + 0.7*c_dag('down_0',0)*c_dag('up_0',1)*c('up_0',0)*c('down_0',1) + 0.7*c_dag('down_0',1)*c_dag('up_0',0)*c('up_0',1)*c('down_0',0) + 5.6*c_dag('down_0',1)*c_dag('up_0',0)*c('up_0',0)*c('down_0',1) + 7*c_dag('down_0',1)*c_dag('up_0',1)*c('up_0',1)*c('down_0',1) + 0.7*c_dag('down_0',1)*c_dag('up_0',1)*c('up_0',0)*c('down_0',0) + 4.9*c_dag('up_0',0)*c_dag('up_0',1)*c('up_0',1)*c('up_0',0)
Using autopartition algorithm to partition the local Hilbert space
Found 14 subspaces.

Warming up ...
12:52:34  13% ETA 00:00:00 cycle 1398 of 10000
12:52:34 100% ETA 00:00:00 cycle 9999 of 10000



Accumulating ...
12:52:35   0% ETA 00:00:12 cycle 669 of 83333
12:52:37  15% ETA 00:00:11 cycle 12810 of 83333
12:52:40  32% ETA 00:00:09 cycle 27320 of 83333
12:52:43  54% ETA 00:00:06 cycle 45282 of 83333
12:52:47  81% ETA 00:00:02 cycle 67695 of 83333
12:52:50 100% ETA 00:00:00 cycle 83332 of 83333


[Rank 0] Collect results: Waiting for all mpi-threads to finish accumulating...
[Rank 0] Timings for all measures:
Measure                                    | seconds   
Auto-correlation time                      | 0.0188836 
Average order                              | 0.00389648
Average sign                               | 0.00273715
Density Matrix for local static observable | 0.0936724 
G_tau measure                              | 1.04125   
Total measure time                         | 1.16044   
[Rank 0] Acceptance rate for all moves:
Move set Insert two operators: 0.00679385
  Move  Insert Delta_down_0: 0.00681124
  Move  Insert Delta_up_0: 0.00677646
Move set Remove two operators: 0.00679493
  Move  Remove Delta_down_0: 0.00681043
  Move  Remove Delta_up_0: 0.00677943
Move set Insert four operators: 0.000109786
  Move  Insert Delta_down_0_down_0: 0.000144967
  Move  Insert Delta_down_0_up_0: 7.56925e-05
  Move  Insert Delta_up_0_down_0: 7.13195e-05
  Move  Insert Delta_up_0_up_0: 0.000147199
Move set Remove four operators: 0.000108053
  Move  Remove Delta_down_0_down_0: 0.000149112
  Move  Remove Delta_down_0_up_0: 7.49525e-05
  Move  Remove Delta_up_0_down_0: 7.1607e-05
  Move  Remove Delta_up_0_up_0: 0.000136544
[Rank 0] Warmup lasted: 0.918395 seconds [00:00:00]
[Rank 0] Simulation lasted: 14.4874 seconds [00:00:14]
[Rank 0] Number of measures: 83333
Total number of measures: 1999992
Average sign: 1
Average order: 64.6049
Auto-correlation time: 614.09
Actual time for solver: 16.15 s

Total charge of impurity problem: 3.12867
Total charge convergency of impurity problem: 0.01275

Density matrix:
down_0, real part
[[ 0.95489606 -0.00008366]
 [-0.00008366  0.61012055]]
eigenvalues: [0.61012053 0.95489608]
up_0, real part
[[ 0.96060448 -0.00008626]
 [-0.00008626  0.60305014]]
eigenvalues: [0.60305012 0.9606045 ]

 *** Post-processing the solver output ***
Total charge of all correlated shells : 3.128671


sumk calc_mu: Using dichtomy adjustment to find chemical potential

Dichotomy adjustment of Chemical Potential to obtain Total Density = 21.000000 +/- 0.000100
Warning: Imaginary part in density will be ignored (1.0012766484468263e-08)
Warning: Imaginary part in density will be ignored (4.639220626267161e-09)
    Chemical Potential = -0.643629  
    Total Density = 20.295133
    -0.643629 < Chemical Potential < -0.143629
    20.295133 < Total Density < 21.010148
Warning: Imaginary part in density will be ignored (9.910489617218826e-09)
    -0.643629 < Chemical Potential < -0.150725
    20.295133 < Total Density < 21.004503
Warning: Imaginary part in density will be ignored (9.865675192291682e-09)
    -0.643629 < Chemical Potential < -0.153854
    20.295133 < Total Density < 21.002006
Warning: Imaginary part in density will be ignored (9.845828296621008e-09)
    -0.643629 < Chemical Potential < -0.155243
    20.295133 < Total Density < 21.000895
Warning: Imaginary part in density will be ignored (9.836993909929086e-09)
    -0.643629 < Chemical Potential < -0.155863
    20.295133 < Total Density < 21.000400
Warning: Imaginary part in density will be ignored (9.833051850621693e-09)
    -0.643629 < Chemical Potential < -0.156139
    20.295133 < Total Density < 21.000179
Warning: Imaginary part in density will be ignored (9.831291296474262e-09)
    -0.643629 < Chemical Potential < -0.156263
    20.295133 < Total Density < 21.000080
    Chemical Potential found in 7 iterations : 
    Total Density = 21.000080;Chemical Potential = -0.156263
Mixing dichotomy mu with previous iteration by factor 1.000
New chemical potential: -0.156

 *** calculation of observables ***
*** iteration finished ***
============================================================
summary of impurity observables:
total occupany of impurity 0:  3.1287
G(beta/2) occ of impurity 0:  -0.0450
Z (simple estimate) of impurity 0 per orb:
   up:  0.789  0.289
 down:  0.776  0.276
============================================================


============================================================

 *** summary of magnetic occupations: ***
imp 0 spin up: 1.5637
imp 0 spin down: 1.5650
total spin up   occ: 1.5637
total spin down occ: 1.5650
============================================================

============================================================
convergence:
δμ:      3.6994e-02
Impurity 0:
δn imp : 2.3932e-04
δn orb : 6.4260e-03  6.3676e-02
δ Gimp : 1.3673e-02
δ G0   : 1.3450e-04
δ Σ    : 5.3328e+00
============================================================


################################################################################
Running iteration: 6 / 6

 *** Correlated Shell type #  0 : Estimated total charge of impurity problem = 3.122513
Estimated density matrix:
down_0, real part
[[ 0.95477161 -0.00008497]
 [-0.00008497  0.60624293]]
up_0, real part
[[ 0.96045076 -0.00008667]
 [-0.00008667  0.60104781]]

 Using the delta interface for passing Delta(tau) and Hloc0 directly to the solver.

Solving the impurity problem for shell 0 ...

╔╦╗╦═╗╦╔═╗ ╔═╗  ┌─┐┌┬┐┬ ┬┬ ┬┌┐ 
 ║ ╠╦╝║║═╬╗╚═╗  │   │ ├─┤└┬┘├┴┐
 ╩ ╩╚═╩╚═╝╚╚═╝  └─┘ ┴ ┴ ┴ ┴ └─┘

The local Hamiltonian of the problem:
-16.488*c_dag('down_0',0)*c('down_0',0) + -16.2931*c_dag('down_0',1)*c('down_0',1) + -16.488*c_dag('up_0',0)*c('up_0',0) + -16.2931*c_dag('up_0',1)*c('up_0',1) + 4.9*c_dag('down_0',0)*c_dag('down_0',1)*c('down_0',1)*c('down_0',0) + 0.7*c_dag('down_0',0)*c_dag('up_0',0)*c('up_0',1)*c('down_0',1) + 7*c_dag('down_0',0)*c_dag('up_0',0)*c('up_0',0)*c('down_0',0) + 5.6*c_dag('down_0',0)*c_dag('up_0',1)*c('up_0',1)*c('down_0',0) + 0.7*c_dag('down_0',0)*c_dag('up_0',1)*c('up_0',0)*c('down_0',1) + 0.7*c_dag('down_0',1)*c_dag('up_0',0)*c('up_0',1)*c('down_0',0) + 5.6*c_dag('down_0',1)*c_dag('up_0',0)*c('up_0',0)*c('down_0',1) + 7*c_dag('down_0',1)*c_dag('up_0',1)*c('up_0',1)*c('down_0',1) + 0.7*c_dag('down_0',1)*c_dag('up_0',1)*c('up_0',0)*c('down_0',0) + 4.9*c_dag('up_0',0)*c_dag('up_0',1)*c('up_0',1)*c('up_0',0)
Using autopartition algorithm to partition the local Hilbert space
Found 14 subspaces.

Warming up ...
12:53:30   9% ETA 00:00:00 cycle 923 of 10000
12:53:31 100% ETA 00:00:00 cycle 9999 of 10000



Accumulating ...
12:53:32   0% ETA 00:00:12 cycle 652 of 83333
12:53:34  15% ETA 00:00:11 cycle 13182 of 83333
12:53:36  32% ETA 00:00:09 cycle 27026 of 83333
12:53:39  55% ETA 00:00:06 cycle 46016 of 83333
12:53:43  84% ETA 00:00:02 cycle 70157 of 83333
12:53:46 100% ETA 00:00:00 cycle 83332 of 83333


[Rank 0] Collect results: Waiting for all mpi-threads to finish accumulating...
[Rank 0] Timings for all measures:
Measure                                    | seconds   
Auto-correlation time                      | 0.0235372 
Average order                              | 0.0039808 
Average sign                               | 0.0025185 
Density Matrix for local static observable | 0.0939232 
G_tau measure                              | 0.973721  
Total measure time                         | 1.09768   
[Rank 0] Acceptance rate for all moves:
Move set Insert two operators: 0.00683846
  Move  Insert Delta_down_0: 0.00690604
  Move  Insert Delta_up_0: 0.0067709
Move set Remove two operators: 0.00684305
  Move  Remove Delta_down_0: 0.00691458
  Move  Remove Delta_up_0: 0.00677152
Move set Insert four operators: 0.000111219
  Move  Insert Delta_down_0_down_0: 0.00015377
  Move  Insert Delta_down_0_up_0: 7.36936e-05
  Move  Insert Delta_up_0_down_0: 6.77201e-05
  Move  Insert Delta_up_0_up_0: 0.000149732
Move set Remove four operators: 0.000109787
  Move  Remove Delta_down_0_down_0: 0.000146578
  Move  Remove Delta_down_0_up_0: 7.50861e-05
  Move  Remove Delta_up_0_down_0: 7.42737e-05
  Move  Remove Delta_up_0_up_0: 0.000143211
[Rank 0] Warmup lasted: 1.39613 seconds [00:00:01]
[Rank 0] Simulation lasted: 14.0992 seconds [00:00:14]
[Rank 0] Number of measures: 83333
Total number of measures: 1999992
Average sign: 1
Average order: 64.5346
Auto-correlation time: 605.383
Actual time for solver: 15.91 s

Total charge of impurity problem: 3.07690
Total charge convergency of impurity problem: -0.04561

Density matrix:
down_0, real part
[[ 0.95308227 -0.00008132]
 [-0.00008132  0.611657  ]]
eigenvalues: [0.61165698 0.95308229]
up_0, real part
[[ 0.93966366 -0.00008549]
 [-0.00008549  0.57250174]]
eigenvalues: [0.57250172 0.93966368]

 *** Post-processing the solver output ***
Total charge of all correlated shells : 3.076905


sumk calc_mu: Using dichtomy adjustment to find chemical potential

Dichotomy adjustment of Chemical Potential to obtain Total Density = 21.000000 +/- 0.000100
Warning: Imaginary part in density will be ignored (9.864705883011811e-09)
Warning: Imaginary part in density will be ignored (1.9714738848503738e-08)
    Chemical Potential = 0.343737  
    Total Density = 21.372594
    -0.156263 < Chemical Potential < 0.343737
    20.956290 < Total Density < 21.372594
Warning: Imaginary part in density will be ignored (1.0640814342237857e-08)
    -0.103765 < Chemical Potential < 0.343737
    20.996231 < Total Density < 21.372594
Warning: Imaginary part in density will be ignored (1.070943553506731e-08)
    -0.099284 < Chemical Potential < 0.343737
    20.999624 < Total Density < 21.372594
Warning: Imaginary part in density will be ignored (1.071630104873843e-08)
    -0.098837 < Chemical Potential < 0.343737
    20.999963 < Total Density < 21.372594
    Chemical Potential found in 4 iterations : 
    Total Density = 20.999963;Chemical Potential = -0.098837
Mixing dichotomy mu with previous iteration by factor 1.000
New chemical potential: -0.099

 *** calculation of observables ***
*** iteration finished ***
============================================================
summary of impurity observables:
total occupany of impurity 0:  3.0769
G(beta/2) occ of impurity 0:  -0.0389
Z (simple estimate) of impurity 0 per orb:
   up:  0.796  0.315
 down:  0.783  0.323
============================================================


============================================================

 *** summary of magnetic occupations: ***
imp 0 spin up: 1.5122
imp 0 spin down: 1.5647
total spin up   occ: 1.5122
total spin down occ: 1.5647
============================================================

============================================================
convergence:
δμ:      1.2634e-02
Impurity 0:
δn imp : 5.1767e-02
δn orb : 2.2755e-02  3.2085e-02
δ Gimp : 1.3730e-02
δ G0   : 5.4954e-05
δ Σ    : 4.8054e+00
============================================================


** All requested iterations finished ***
################################################################################
--------------------------------------------------------------------------------
overall elapsed time:   399.7861 seconds
